<?xml version="1.0" encoding="UTF-8"?>
<testsuite xmlns:xsi="http://www.w3.org/2001/XMLSchema-instance" xsi:noNamespaceSchemaLocation="https://maven.apache.org/surefire/maven-surefire-plugin/xsd/surefire-test-report.xsd" name="com.coupon.AppTest" time="0.034" tests="1" errors="0" skipped="0" failures="0">
  <properties>
    <property name="sun.desktop" value="windows"/>
    <property name="awt.toolkit" value="sun.awt.windows.WToolkit"/>
    <property name="file.encoding.pkg" value="sun.io"/>
    <property name="java.specification.version" value="1.8"/>
    <property name="sun.cpu.isalist" value="amd64"/>
    <property name="sun.jnu.encoding" value="GBK"/>
    <property name="java.class.path" value="E:\workspace_coupon\core\target\test-classes;E:\workspace_coupon\core\target\classes;E:\maven_repository\junit\junit\4.11\junit-4.11.jar;E:\maven_repository\org\hamcrest\hamcrest-core\1.3\hamcrest-core-1.3.jar;E:\maven_repository\javax\servlet\javax.servlet-api\4.0.0\javax.servlet-api-4.0.0.jar;E:\maven_repository\javax\servlet\jsp-api\2.0\jsp-api-2.0.jar;E:\maven_repository\javax\servlet\servlet-api\2.4\servlet-api-2.4.jar;E:\maven_repository\org\springframework\spring-core\5.0.1.RELEASE\spring-core-5.0.1.RELEASE.jar;E:\maven_repository\org\springframework\spring-jcl\5.0.1.RELEASE\spring-jcl-5.0.1.RELEASE.jar;E:\maven_repository\org\springframework\spring-web\5.0.1.RELEASE\spring-web-5.0.1.RELEASE.jar;E:\maven_repository\org\springframework\spring-beans\5.0.1.RELEASE\spring-beans-5.0.1.RELEASE.jar;E:\maven_repository\org\springframework\spring-oxm\5.0.1.RELEASE\spring-oxm-5.0.1.RELEASE.jar;E:\maven_repository\org\springframework\spring-tx\5.0.1.RELEASE\spring-tx-5.0.1.RELEASE.jar;E:\maven_repository\org\springframework\spring-jdbc\5.0.1.RELEASE\spring-jdbc-5.0.1.RELEASE.jar;E:\maven_repository\org\springframework\spring-webmvc\5.0.1.RELEASE\spring-webmvc-5.0.1.RELEASE.jar;E:\maven_repository\org\springframework\spring-context\5.0.1.RELEASE\spring-context-5.0.1.RELEASE.jar;E:\maven_repository\org\springframework\spring-expression\5.0.1.RELEASE\spring-expression-5.0.1.RELEASE.jar;E:\maven_repository\org\springframework\spring-aop\5.0.1.RELEASE\spring-aop-5.0.1.RELEASE.jar;E:\maven_repository\org\springframework\spring-context-support\5.0.1.RELEASE\spring-context-support-5.0.1.RELEASE.jar;E:\maven_repository\org\springframework\spring-jms\5.0.1.RELEASE\spring-jms-5.0.1.RELEASE.jar;E:\maven_repository\org\springframework\spring-messaging\5.0.1.RELEASE\spring-messaging-5.0.1.RELEASE.jar;E:\maven_repository\org\springframework\spring-websocket\5.0.1.RELEASE\spring-websocket-5.0.1.RELEASE.jar;E:\maven_repository\org\springframework\spring-test\5.0.1.RELEASE\spring-test-5.0.1.RELEASE.jar;E:\maven_repository\mysql\mysql-connector-java\6.0.6\mysql-connector-java-6.0.6.jar;E:\maven_repository\com\alibaba\druid\1.1.5\druid-1.1.5.jar;E:\maven_repository\org\mybatis\mybatis\3.4.5\mybatis-3.4.5.jar;E:\maven_repository\org\mybatis\mybatis-spring\1.3.1\mybatis-spring-1.3.1.jar;E:\maven_repository\org\apache\commons\commons-lang3\3.7\commons-lang3-3.7.jar;E:\maven_repository\org\apache\commons\commons-collections4\4.1\commons-collections4-4.1.jar;E:\maven_repository\commons-beanutils\commons-beanutils\1.9.3\commons-beanutils-1.9.3.jar;E:\maven_repository\commons-logging\commons-logging\1.2\commons-logging-1.2.jar;E:\maven_repository\commons-collections\commons-collections\3.2.2\commons-collections-3.2.2.jar;E:\maven_repository\javax\servlet\jstl\1.2\jstl-1.2.jar;E:\maven_repository\org\aspectj\aspectjrt\1.8.12\aspectjrt-1.8.12.jar;E:\maven_repository\org\aspectj\aspectjweaver\1.8.12\aspectjweaver-1.8.12.jar;E:\maven_repository\redis\clients\jedis\2.9.0\jedis-2.9.0.jar;E:\maven_repository\org\apache\commons\commons-pool2\2.4.2\commons-pool2-2.4.2.jar;E:\maven_repository\org\springframework\data\spring-data-redis\2.0.1.RELEASE\spring-data-redis-2.0.1.RELEASE.jar;E:\maven_repository\org\springframework\data\spring-data-keyvalue\2.0.1.RELEASE\spring-data-keyvalue-2.0.1.RELEASE.jar;E:\maven_repository\org\springframework\data\spring-data-commons\2.0.1.RELEASE\spring-data-commons-2.0.1.RELEASE.jar;E:\maven_repository\commons-io\commons-io\2.6\commons-io-2.6.jar;E:\maven_repository\commons-fileupload\commons-fileupload\1.3.3\commons-fileupload-1.3.3.jar;E:\maven_repository\org\apache\poi\poi\3.17\poi-3.17.jar;E:\maven_repository\commons-codec\commons-codec\1.10\commons-codec-1.10.jar;E:\maven_repository\com\github\axet\kaptcha\0.0.9\kaptcha-0.0.9.jar;E:\maven_repository\com\jhlabs\filters\2.0.235\filters-2.0.235.jar;E:\maven_repository\log4j\log4j\1.2.17\log4j-1.2.17.jar;E:\maven_repository\org\slf4j\slf4j-api\1.7.25\slf4j-api-1.7.25.jar;E:\maven_repository\ch\qos\logback\logback-classic\1.2.3\logback-classic-1.2.3.jar;E:\maven_repository\ch\qos\logback\logback-core\1.2.3\logback-core-1.2.3.jar;E:\maven_repository\org\logback-extensions\logback-ext-spring\0.1.4\logback-ext-spring-0.1.4.jar;E:\maven_repository\org\apache\shiro\shiro-core\1.4.0\shiro-core-1.4.0.jar;E:\maven_repository\org\apache\shiro\shiro-lang\1.4.0\shiro-lang-1.4.0.jar;E:\maven_repository\org\apache\shiro\shiro-cache\1.4.0\shiro-cache-1.4.0.jar;E:\maven_repository\org\apache\shiro\shiro-crypto-hash\1.4.0\shiro-crypto-hash-1.4.0.jar;E:\maven_repository\org\apache\shiro\shiro-crypto-core\1.4.0\shiro-crypto-core-1.4.0.jar;E:\maven_repository\org\apache\shiro\shiro-crypto-cipher\1.4.0\shiro-crypto-cipher-1.4.0.jar;E:\maven_repository\org\apache\shiro\shiro-config-core\1.4.0\shiro-config-core-1.4.0.jar;E:\maven_repository\org\apache\shiro\shiro-config-ogdl\1.4.0\shiro-config-ogdl-1.4.0.jar;E:\maven_repository\org\apache\shiro\shiro-event\1.4.0\shiro-event-1.4.0.jar;E:\maven_repository\org\apache\shiro\shiro-web\1.4.0\shiro-web-1.4.0.jar;E:\maven_repository\org\apache\shiro\shiro-spring\1.4.0\shiro-spring-1.4.0.jar;E:\maven_repository\org\apache\shiro\shiro-ehcache\1.4.0\shiro-ehcache-1.4.0.jar;E:\maven_repository\net\sf\ehcache\ehcache-core\2.6.11\ehcache-core-2.6.11.jar;E:\maven_repository\com\alibaba\fastjson\1.2.40\fastjson-1.2.40.jar;E:\maven_repository\com\fasterxml\jackson\core\jackson-databind\2.9.2\jackson-databind-2.9.2.jar;E:\maven_repository\com\fasterxml\jackson\core\jackson-core\2.9.2\jackson-core-2.9.2.jar;E:\maven_repository\com\fasterxml\jackson\core\jackson-annotations\2.9.2\jackson-annotations-2.9.2.jar;E:\maven_repository\com\fasterxml\jackson\module\jackson-module-jaxb-annotations\2.9.2\jackson-module-jaxb-annotations-2.9.2.jar;E:\maven_repository\org\sitemesh\sitemesh\3.0.1\sitemesh-3.0.1.jar;E:\maven_repository\org\thymeleaf\thymeleaf-spring4\2.1.6.RELEASE\thymeleaf-spring4-2.1.6.RELEASE.jar;E:\maven_repository\org\thymeleaf\thymeleaf\2.1.6.RELEASE\thymeleaf-2.1.6.RELEASE.jar;E:\maven_repository\ognl\ognl\3.0.8\ognl-3.0.8.jar;E:\maven_repository\org\javassist\javassist\3.16.1-GA\javassist-3.16.1-GA.jar;E:\maven_repository\org\unbescape\unbescape\1.1.0.RELEASE\unbescape-1.1.0.RELEASE.jar;E:\maven_repository\nz\net\ultraq\thymeleaf\thymeleaf-layout-dialect\1.4.0\thymeleaf-layout-dialect-1.4.0.jar;E:\maven_repository\org\codehaus\groovy\groovy\2.4.3\groovy-2.4.3.jar;E:\maven_repository\net\sourceforge\nekohtml\nekohtml\1.9.22\nekohtml-1.9.22.jar;E:\maven_repository\xerces\xercesImpl\2.11.0\xercesImpl-2.11.0.jar;E:\maven_repository\xml-apis\xml-apis\1.4.01\xml-apis-1.4.01.jar;E:\maven_repository\com\thoughtworks\xstream\xstream\1.4.10\xstream-1.4.10.jar;E:\maven_repository\xmlpull\xmlpull\1.1.3.1\xmlpull-1.1.3.1.jar;E:\maven_repository\xpp3\xpp3_min\1.1.4c\xpp3_min-1.1.4c.jar;E:\maven_repository\com\github\pagehelper\pagehelper\4.2.1\pagehelper-4.2.1.jar;E:\maven_repository\com\github\jsqlparser\jsqlparser\0.9.5\jsqlparser-0.9.5.jar;E:\maven_repository\com\sun\mail\javax.mail\1.6.0\javax.mail-1.6.0.jar;E:\maven_repository\javax\activation\activation\1.1\activation-1.1.jar;E:\maven_repository\tk\mybatis\mapper\3.4.0\mapper-3.4.0.jar;E:\maven_repository\javax\persistence\persistence-api\1.0\persistence-api-1.0.jar;E:\maven_repository\org\projectlombok\lombok\1.18.2\lombok-1.18.2.jar;E:\maven_repository\org\freemarker\freemarker\2.3.23\freemarker-2.3.23.jar;E:\maven_repository\com\google\guava\guava\18.0\guava-18.0.jar;E:\maven_repository\com\google\code\gson\gson\2.6.2\gson-2.6.2.jar;E:\maven_repository\io\github\biezhi\wechat-api\1.0.6\wechat-api-1.0.6.jar;E:\maven_repository\com\squareup\okhttp3\okhttp\3.9.0\okhttp-3.9.0.jar;E:\maven_repository\com\squareup\okio\okio\1.13.0\okio-1.13.0.jar;E:\maven_repository\com\vdurmont\emoji-java\4.0.0\emoji-java-4.0.0.jar;E:\maven_repository\org\json\json\20170516\json-20170516.jar;E:\maven_repository\com\google\zxing\core\3.2.1\core-3.2.1.jar;E:\maven_repository\com\google\zxing\javase\3.2.1\javase-3.2.1.jar;E:\maven_repository\com\beust\jcommander\1.48\jcommander-1.48.jar;E:\maven_repository\org\apache\httpcomponents\httpclient\4.5.7\httpclient-4.5.7.jar;E:\maven_repository\org\apache\httpcomponents\httpcore\4.4.11\httpcore-4.4.11.jar;"/>
    <property name="java.vm.vendor" value="Oracle Corporation"/>
    <property name="sun.arch.data.model" value="64"/>
    <property name="user.variant" value=""/>
    <property name="java.vendor.url" value="http://java.oracle.com/"/>
    <property name="user.timezone" value="Asia/Shanghai"/>
    <property name="java.vm.specification.version" value="1.8"/>
    <property name="os.name" value="Windows 10"/>
    <property name="user.country" value="CN"/>
    <property name="sun.java.launcher" value="SUN_STANDARD"/>
    <property name="sun.boot.library.path" value="C:\Program Files\Java\jdk1.8.0_91\jre\bin"/>
    <property name="sun.java.command" value="C:\Users\Administrator\AppData\Local\Temp\surefire6310044694374607089\surefirebooter6008332833330141802.jar C:\Users\Administrator\AppData\Local\Temp\surefire6310044694374607089 2019-07-18T10-29-58_305-jvmRun1 surefire7384211672461637616tmp surefire_01399996548702115955tmp"/>
    <property name="surefire.test.class.path" value="E:\workspace_coupon\core\target\test-classes;E:\workspace_coupon\core\target\classes;E:\maven_repository\junit\junit\4.11\junit-4.11.jar;E:\maven_repository\org\hamcrest\hamcrest-core\1.3\hamcrest-core-1.3.jar;E:\maven_repository\javax\servlet\javax.servlet-api\4.0.0\javax.servlet-api-4.0.0.jar;E:\maven_repository\javax\servlet\jsp-api\2.0\jsp-api-2.0.jar;E:\maven_repository\javax\servlet\servlet-api\2.4\servlet-api-2.4.jar;E:\maven_repository\org\springframework\spring-core\5.0.1.RELEASE\spring-core-5.0.1.RELEASE.jar;E:\maven_repository\org\springframework\spring-jcl\5.0.1.RELEASE\spring-jcl-5.0.1.RELEASE.jar;E:\maven_repository\org\springframework\spring-web\5.0.1.RELEASE\spring-web-5.0.1.RELEASE.jar;E:\maven_repository\org\springframework\spring-beans\5.0.1.RELEASE\spring-beans-5.0.1.RELEASE.jar;E:\maven_repository\org\springframework\spring-oxm\5.0.1.RELEASE\spring-oxm-5.0.1.RELEASE.jar;E:\maven_repository\org\springframework\spring-tx\5.0.1.RELEASE\spring-tx-5.0.1.RELEASE.jar;E:\maven_repository\org\springframework\spring-jdbc\5.0.1.RELEASE\spring-jdbc-5.0.1.RELEASE.jar;E:\maven_repository\org\springframework\spring-webmvc\5.0.1.RELEASE\spring-webmvc-5.0.1.RELEASE.jar;E:\maven_repository\org\springframework\spring-context\5.0.1.RELEASE\spring-context-5.0.1.RELEASE.jar;E:\maven_repository\org\springframework\spring-expression\5.0.1.RELEASE\spring-expression-5.0.1.RELEASE.jar;E:\maven_repository\org\springframework\spring-aop\5.0.1.RELEASE\spring-aop-5.0.1.RELEASE.jar;E:\maven_repository\org\springframework\spring-context-support\5.0.1.RELEASE\spring-context-support-5.0.1.RELEASE.jar;E:\maven_repository\org\springframework\spring-jms\5.0.1.RELEASE\spring-jms-5.0.1.RELEASE.jar;E:\maven_repository\org\springframework\spring-messaging\5.0.1.RELEASE\spring-messaging-5.0.1.RELEASE.jar;E:\maven_repository\org\springframework\spring-websocket\5.0.1.RELEASE\spring-websocket-5.0.1.RELEASE.jar;E:\maven_repository\org\springframework\spring-test\5.0.1.RELEASE\spring-test-5.0.1.RELEASE.jar;E:\maven_repository\mysql\mysql-connector-java\6.0.6\mysql-connector-java-6.0.6.jar;E:\maven_repository\com\alibaba\druid\1.1.5\druid-1.1.5.jar;E:\maven_repository\org\mybatis\mybatis\3.4.5\mybatis-3.4.5.jar;E:\maven_repository\org\mybatis\mybatis-spring\1.3.1\mybatis-spring-1.3.1.jar;E:\maven_repository\org\apache\commons\commons-lang3\3.7\commons-lang3-3.7.jar;E:\maven_repository\org\apache\commons\commons-collections4\4.1\commons-collections4-4.1.jar;E:\maven_repository\commons-beanutils\commons-beanutils\1.9.3\commons-beanutils-1.9.3.jar;E:\maven_repository\commons-logging\commons-logging\1.2\commons-logging-1.2.jar;E:\maven_repository\commons-collections\commons-collections\3.2.2\commons-collections-3.2.2.jar;E:\maven_repository\javax\servlet\jstl\1.2\jstl-1.2.jar;E:\maven_repository\org\aspectj\aspectjrt\1.8.12\aspectjrt-1.8.12.jar;E:\maven_repository\org\aspectj\aspectjweaver\1.8.12\aspectjweaver-1.8.12.jar;E:\maven_repository\redis\clients\jedis\2.9.0\jedis-2.9.0.jar;E:\maven_repository\org\apache\commons\commons-pool2\2.4.2\commons-pool2-2.4.2.jar;E:\maven_repository\org\springframework\data\spring-data-redis\2.0.1.RELEASE\spring-data-redis-2.0.1.RELEASE.jar;E:\maven_repository\org\springframework\data\spring-data-keyvalue\2.0.1.RELEASE\spring-data-keyvalue-2.0.1.RELEASE.jar;E:\maven_repository\org\springframework\data\spring-data-commons\2.0.1.RELEASE\spring-data-commons-2.0.1.RELEASE.jar;E:\maven_repository\commons-io\commons-io\2.6\commons-io-2.6.jar;E:\maven_repository\commons-fileupload\commons-fileupload\1.3.3\commons-fileupload-1.3.3.jar;E:\maven_repository\org\apache\poi\poi\3.17\poi-3.17.jar;E:\maven_repository\commons-codec\commons-codec\1.10\commons-codec-1.10.jar;E:\maven_repository\com\github\axet\kaptcha\0.0.9\kaptcha-0.0.9.jar;E:\maven_repository\com\jhlabs\filters\2.0.235\filters-2.0.235.jar;E:\maven_repository\log4j\log4j\1.2.17\log4j-1.2.17.jar;E:\maven_repository\org\slf4j\slf4j-api\1.7.25\slf4j-api-1.7.25.jar;E:\maven_repository\ch\qos\logback\logback-classic\1.2.3\logback-classic-1.2.3.jar;E:\maven_repository\ch\qos\logback\logback-core\1.2.3\logback-core-1.2.3.jar;E:\maven_repository\org\logback-extensions\logback-ext-spring\0.1.4\logback-ext-spring-0.1.4.jar;E:\maven_repository\org\apache\shiro\shiro-core\1.4.0\shiro-core-1.4.0.jar;E:\maven_repository\org\apache\shiro\shiro-lang\1.4.0\shiro-lang-1.4.0.jar;E:\maven_repository\org\apache\shiro\shiro-cache\1.4.0\shiro-cache-1.4.0.jar;E:\maven_repository\org\apache\shiro\shiro-crypto-hash\1.4.0\shiro-crypto-hash-1.4.0.jar;E:\maven_repository\org\apache\shiro\shiro-crypto-core\1.4.0\shiro-crypto-core-1.4.0.jar;E:\maven_repository\org\apache\shiro\shiro-crypto-cipher\1.4.0\shiro-crypto-cipher-1.4.0.jar;E:\maven_repository\org\apache\shiro\shiro-config-core\1.4.0\shiro-config-core-1.4.0.jar;E:\maven_repository\org\apache\shiro\shiro-config-ogdl\1.4.0\shiro-config-ogdl-1.4.0.jar;E:\maven_repository\org\apache\shiro\shiro-event\1.4.0\shiro-event-1.4.0.jar;E:\maven_repository\org\apache\shiro\shiro-web\1.4.0\shiro-web-1.4.0.jar;E:\maven_repository\org\apache\shiro\shiro-spring\1.4.0\shiro-spring-1.4.0.jar;E:\maven_repository\org\apache\shiro\shiro-ehcache\1.4.0\shiro-ehcache-1.4.0.jar;E:\maven_repository\net\sf\ehcache\ehcache-core\2.6.11\ehcache-core-2.6.11.jar;E:\maven_repository\com\alibaba\fastjson\1.2.40\fastjson-1.2.40.jar;E:\maven_repository\com\fasterxml\jackson\core\jackson-databind\2.9.2\jackson-databind-2.9.2.jar;E:\maven_repository\com\fasterxml\jackson\core\jackson-core\2.9.2\jackson-core-2.9.2.jar;E:\maven_repository\com\fasterxml\jackson\core\jackson-annotations\2.9.2\jackson-annotations-2.9.2.jar;E:\maven_repository\com\fasterxml\jackson\module\jackson-module-jaxb-annotations\2.9.2\jackson-module-jaxb-annotations-2.9.2.jar;E:\maven_repository\org\sitemesh\sitemesh\3.0.1\sitemesh-3.0.1.jar;E:\maven_repository\org\thymeleaf\thymeleaf-spring4\2.1.6.RELEASE\thymeleaf-spring4-2.1.6.RELEASE.jar;E:\maven_repository\org\thymeleaf\thymeleaf\2.1.6.RELEASE\thymeleaf-2.1.6.RELEASE.jar;E:\maven_repository\ognl\ognl\3.0.8\ognl-3.0.8.jar;E:\maven_repository\org\javassist\javassist\3.16.1-GA\javassist-3.16.1-GA.jar;E:\maven_repository\org\unbescape\unbescape\1.1.0.RELEASE\unbescape-1.1.0.RELEASE.jar;E:\maven_repository\nz\net\ultraq\thymeleaf\thymeleaf-layout-dialect\1.4.0\thymeleaf-layout-dialect-1.4.0.jar;E:\maven_repository\org\codehaus\groovy\groovy\2.4.3\groovy-2.4.3.jar;E:\maven_repository\net\sourceforge\nekohtml\nekohtml\1.9.22\nekohtml-1.9.22.jar;E:\maven_repository\xerces\xercesImpl\2.11.0\xercesImpl-2.11.0.jar;E:\maven_repository\xml-apis\xml-apis\1.4.01\xml-apis-1.4.01.jar;E:\maven_repository\com\thoughtworks\xstream\xstream\1.4.10\xstream-1.4.10.jar;E:\maven_repository\xmlpull\xmlpull\1.1.3.1\xmlpull-1.1.3.1.jar;E:\maven_repository\xpp3\xpp3_min\1.1.4c\xpp3_min-1.1.4c.jar;E:\maven_repository\com\github\pagehelper\pagehelper\4.2.1\pagehelper-4.2.1.jar;E:\maven_repository\com\github\jsqlparser\jsqlparser\0.9.5\jsqlparser-0.9.5.jar;E:\maven_repository\com\sun\mail\javax.mail\1.6.0\javax.mail-1.6.0.jar;E:\maven_repository\javax\activation\activation\1.1\activation-1.1.jar;E:\maven_repository\tk\mybatis\mapper\3.4.0\mapper-3.4.0.jar;E:\maven_repository\javax\persistence\persistence-api\1.0\persistence-api-1.0.jar;E:\maven_repository\org\projectlombok\lombok\1.18.2\lombok-1.18.2.jar;E:\maven_repository\org\freemarker\freemarker\2.3.23\freemarker-2.3.23.jar;E:\maven_repository\com\google\guava\guava\18.0\guava-18.0.jar;E:\maven_repository\com\google\code\gson\gson\2.6.2\gson-2.6.2.jar;E:\maven_repository\io\github\biezhi\wechat-api\1.0.6\wechat-api-1.0.6.jar;E:\maven_repository\com\squareup\okhttp3\okhttp\3.9.0\okhttp-3.9.0.jar;E:\maven_repository\com\squareup\okio\okio\1.13.0\okio-1.13.0.jar;E:\maven_repository\com\vdurmont\emoji-java\4.0.0\emoji-java-4.0.0.jar;E:\maven_repository\org\json\json\20170516\json-20170516.jar;E:\maven_repository\com\google\zxing\core\3.2.1\core-3.2.1.jar;E:\maven_repository\com\google\zxing\javase\3.2.1\javase-3.2.1.jar;E:\maven_repository\com\beust\jcommander\1.48\jcommander-1.48.jar;E:\maven_repository\org\apache\httpcomponents\httpclient\4.5.7\httpclient-4.5.7.jar;E:\maven_repository\org\apache\httpcomponents\httpcore\4.4.11\httpcore-4.4.11.jar;"/>
    <property name="sun.cpu.endian" value="little"/>
    <property name="user.home" value="C:\Users\Administrator"/>
    <property name="user.language" value="zh"/>
    <property name="java.specification.vendor" value="Oracle Corporation"/>
    <property name="java.home" value="C:\Program Files\Java\jdk1.8.0_91\jre"/>
    <property name="basedir" value="E:\workspace_coupon\core"/>
    <property name="file.separator" value="\"/>
    <property name="line.separator" value="&#10;"/>
    <property name="java.vm.specification.vendor" value="Oracle Corporation"/>
    <property name="java.specification.name" value="Java Platform API Specification"/>
    <property name="java.awt.graphicsenv" value="sun.awt.Win32GraphicsEnvironment"/>
    <property name="surefire.real.class.path" value="C:\Users\Administrator\AppData\Local\Temp\surefire6310044694374607089\surefirebooter6008332833330141802.jar"/>
    <property name="sun.boot.class.path" value="C:\Program Files\Java\jdk1.8.0_91\jre\lib\resources.jar;C:\Program Files\Java\jdk1.8.0_91\jre\lib\rt.jar;C:\Program Files\Java\jdk1.8.0_91\jre\lib\sunrsasign.jar;C:\Program Files\Java\jdk1.8.0_91\jre\lib\jsse.jar;C:\Program Files\Java\jdk1.8.0_91\jre\lib\jce.jar;C:\Program Files\Java\jdk1.8.0_91\jre\lib\charsets.jar;C:\Program Files\Java\jdk1.8.0_91\jre\lib\jfr.jar;C:\Program Files\Java\jdk1.8.0_91\jre\classes"/>
    <property name="user.script" value=""/>
    <property name="sun.management.compiler" value="HotSpot 64-Bit Tiered Compilers"/>
    <property name="java.runtime.version" value="1.8.0_91-b14"/>
    <property name="user.name" value="那些花儿"/>
    <property name="path.separator" value=";"/>
    <property name="os.version" value="10.0"/>
    <property name="java.endorsed.dirs" value="C:\Program Files\Java\jdk1.8.0_91\jre\lib\endorsed"/>
    <property name="java.runtime.name" value="Java(TM) SE Runtime Environment"/>
    <property name="file.encoding" value="GBK"/>
    <property name="java.vm.name" value="Java HotSpot(TM) 64-Bit Server VM"/>
    <property name="localRepository" value="E:\maven_repository"/>
    <property name="java.vendor.url.bug" value="http://bugreport.sun.com/bugreport/"/>
    <property name="java.io.tmpdir" value="C:\Users\Administrator\AppData\Local\Temp\"/>
    <property name="idea.version" value="2018.1.5"/>
    <property name="java.version" value="1.8.0_91"/>
    <property name="user.dir" value="E:\workspace_coupon\core"/>
    <property name="os.arch" value="amd64"/>
    <property name="java.vm.specification.name" value="Java Virtual Machine Specification"/>
    <property name="java.awt.printerjob" value="sun.awt.windows.WPrinterJob"/>
    <property name="sun.os.patch.level" value=""/>
    <property name="java.library.path" value="C:\Program Files\Java\jdk1.8.0_91\jre\bin;C:\windows\Sun\Java\bin;C:\windows\system32;C:\windows;C:\ProgramData\Oracle\Java\javapath;C:\windows\system32;C:\windows;C:\windows\System32\Wbem;C:\windows\System32\WindowsPowerShell\v1.0\;D:\software\apache_maven\apache-maven-3.5.3\bin;C:\Program Files\Java\jdk1.8.0_91\bin;C:\Program Files\MySQL\MySQL Utilities 1.6\;C:\Program Files\Java\jdk1.8.0_91\jre\bin;C:\Program Files\TortoiseSVN\bin;C:\Program Files\nodejs\;D:\software\kafka\zookeeper-3.4.13\bin;D:\software\GIT\Git\cmd;C:\Users\Administrator\AppData\Local\Microsoft\WindowsApps;C:\Users\Administrator\AppData\Roaming\npm;."/>
    <property name="java.vm.info" value="mixed mode"/>
    <property name="java.vendor" value="Oracle Corporation"/>
    <property name="java.vm.version" value="25.91-b14"/>
    <property name="java.ext.dirs" value="C:\Program Files\Java\jdk1.8.0_91\jre\lib\ext;C:\windows\Sun\Java\lib\ext"/>
    <property name="sun.io.unicode.encoding" value="UnicodeLittle"/>
    <property name="maven.repo.local" value="E:\maven_repository"/>
    <property name="java.class.version" value="52.0"/>
  </properties>
  <testcase name="shouldAnswerWithTrue" classname="com.coupon.AppTest" time="0.001"/>
</testsuite>